<?xml version="1.0" encoding="UTF-8"?>
<!-- Generated by org.testng.reporters.JUnitXMLReporter -->
<testsuite ignored="6" hostname="DESKTOP-R8PQPOQ" failures="0" tests="2" name="groupingtests" time="0.082" errors="0" timestamp="2025-05-27T23:48:57 IST">
  <testcase classname="day28.PaymentTests" name="paymentinrupee" time="0.011"/>
  <testcase classname="day28.PaymentTests" name="paymentindollars" time="0.001"/>
  <testcase classname="day28.SignupTests" name="Signupbytwitter" time="0.0">
    <ignored/>
  </testcase> <!-- Signupbytwitter -->
  <testcase classname="day28.Logintests" name="loginbymail" time="0.0">
    <ignored/>
  </testcase> <!-- loginbymail -->
  <testcase classname="day28.Logintests" name="loginbyfacebook" time="0.0">
    <ignored/>
  </testcase> <!-- loginbyfacebook -->
  <testcase classname="day28.SignupTests" name="Signupbyfacebook" time="0.0">
    <ignored/>
  </testcase> <!-- Signupbyfacebook -->
  <testcase classname="day28.SignupTests" name="Signupbymail" time="0.0">
    <ignored/>
  </testcase> <!-- Signupbymail -->
  <testcase classname="day28.Logintests" name="loginbytwitter" time="0.0">
    <ignored/>
  </testcase> <!-- loginbytwitter -->
</testsuite> <!-- groupingtests -->
