<?xml version="1.0" encoding="UTF-8"?>
<testng-results ignored="0" total="1" passed="1" failed="0" skipped="0">
  <reporter-output>
  </reporter-output>
  <suite started-at="2025-05-30T02:08:03 IST" name="Suite" finished-at="2025-05-30T02:08:03 IST" duration-ms="134">
    <groups>
    </groups>
    <test started-at="2025-05-30T02:08:03 IST" name="Test" finished-at="2025-05-30T02:08:03 IST" duration-ms="134">
      <class name="testng.Asseration">
        <test-method signature="testtitle()[pri:0, instance:testng.Asseration@20deea7f]" started-at="2025-05-30T02:08:03 IST" name="testtitle" finished-at="2025-05-30T02:08:03 IST" duration-ms="25" status="PASS">
          <reporter-output>
          </reporter-output>
        </test-method> <!-- testtitle -->
      </class> <!-- testng.Asseration -->
    </test> <!-- Test -->
  </suite> <!-- Suite -->
</testng-results>
