<?xml version="1.0" encoding="UTF-8"?>
<!-- Generated by org.testng.reporters.JUnitReportReporter -->
<testsuite hostname="DESKTOP-R8PQPOQ" failures="0" tests="3" name="day28.SignupTests" time="0.018" errors="0" timestamp="2025-05-27T23:40:40 IST" skipped="0">
  <testcase classname="day28.SignupTests" name="Signupbymail" time="0.014"/>
  <testcase classname="day28.SignupTests" name="Signupbyfacebook" time="0.002"/>
  <testcase classname="day28.SignupTests" name="Signupbytwitter" time="0.002"/>
</testsuite> <!-- day28.SignupTests -->
