<?xml version="1.0" encoding="UTF-8"?>
<!-- Generated by org.testng.reporters.JUnitReportReporter -->
<testsuite hostname="DESKTOP-R8PQPOQ" failures="0" tests="3" name="day28.Logintests" time="0.017" errors="0" timestamp="2025-05-27T23:44:42 IST" skipped="0">
  <testcase classname="day28.Logintests" name="loginbymail" time="0.013"/>
  <testcase classname="day28.Logintests" name="loginbyfacebook" time="0.002"/>
  <testcase classname="day28.Logintests" name="loginbytwitter" time="0.002"/>
</testsuite> <!-- day28.Logintests -->
